2020-12-07 16:54:02,873 - ERROR - Exception on / [GET]
Traceback (most recent call last):
  File "D:\project\Sparta_Web_Project\venv\lib\site-packages\flask\app.py", line 2446, in wsgi_app
    response = self.full_dispatch_request()
  File "D:\project\Sparta_Web_Project\venv\lib\site-packages\flask\app.py", line 1951, in full_dispatch_request
    rv = self.handle_user_exception(e)
  File "D:\project\Sparta_Web_Project\venv\lib\site-packages\flask\app.py", line 1820, in handle_user_exception
    reraise(exc_type, exc_value, tb)
  File "D:\project\Sparta_Web_Project\venv\lib\site-packages\flask\_compat.py", line 39, in reraise
    raise value
  File "D:\project\Sparta_Web_Project\venv\lib\site-packages\flask\app.py", line 1949, in full_dispatch_request
    rv = self.dispatch_request()
  File "D:\project\Sparta_Web_Project\venv\lib\site-packages\flask\app.py", line 1935, in dispatch_request
    return self.view_functions[rule.endpoint](**req.view_args)
  File "D:\project\Sparta_Web_Project\naver_movie\controller\homepage.py", line 8, in homepage
    return render_template('homepage.html')
  File "D:\project\Sparta_Web_Project\venv\lib\site-packages\flask\templating.py", line 140, in render_template
    ctx.app,
  File "D:\project\Sparta_Web_Project\venv\lib\site-packages\flask\templating.py", line 120, in _render
    rv = template.render(context)
  File "D:\project\Sparta_Web_Project\venv\lib\site-packages\jinja2\asyncsupport.py", line 76, in render
    return original_render(self, *args, **kwargs)
  File "D:\project\Sparta_Web_Project\venv\lib\site-packages\jinja2\environment.py", line 1008, in render
    return self.environment.handle_exception(exc_info, True)
  File "D:\project\Sparta_Web_Project\venv\lib\site-packages\jinja2\environment.py", line 780, in handle_exception
    reraise(exc_type, exc_value, tb)
  File "D:\project\Sparta_Web_Project\venv\lib\site-packages\jinja2\_compat.py", line 37, in reraise
    raise value.with_traceback(tb)
  File "D:\project\Sparta_Web_Project\naver_movie\templates\homepage.html", line 77, in top-level template code
    $.getJSON('{{url_for("resource", filename = "movie_score_main_2.json")}}', function(json){
  File "D:\project\Sparta_Web_Project\venv\lib\site-packages\flask\helpers.py", line 370, in url_for
    return appctx.app.handle_url_build_error(error, endpoint, values)
  File "D:\project\Sparta_Web_Project\venv\lib\site-packages\flask\app.py", line 2215, in handle_url_build_error
    reraise(exc_type, exc_value, tb)
  File "D:\project\Sparta_Web_Project\venv\lib\site-packages\flask\_compat.py", line 39, in reraise
    raise value
  File "D:\project\Sparta_Web_Project\venv\lib\site-packages\flask\helpers.py", line 358, in url_for
    endpoint, values, method=method, force_external=external
  File "D:\project\Sparta_Web_Project\venv\lib\site-packages\werkzeug\routing.py", line 2020, in build
    raise BuildError(endpoint, values, method, self)
werkzeug.routing.BuildError: Could not build url for endpoint 'resource' with values ['filename']. Did you mean 'static' instead?
2020-12-07 16:58:23,186 - ERROR - Exception on / [GET]
Traceback (most recent call last):
  File "D:\project\Sparta_Web_Project\venv\lib\site-packages\flask\app.py", line 2446, in wsgi_app
    response = self.full_dispatch_request()
  File "D:\project\Sparta_Web_Project\venv\lib\site-packages\flask\app.py", line 1951, in full_dispatch_request
    rv = self.handle_user_exception(e)
  File "D:\project\Sparta_Web_Project\venv\lib\site-packages\flask\app.py", line 1820, in handle_user_exception
    reraise(exc_type, exc_value, tb)
  File "D:\project\Sparta_Web_Project\venv\lib\site-packages\flask\_compat.py", line 39, in reraise
    raise value
  File "D:\project\Sparta_Web_Project\venv\lib\site-packages\flask\app.py", line 1949, in full_dispatch_request
    rv = self.dispatch_request()
  File "D:\project\Sparta_Web_Project\venv\lib\site-packages\flask\app.py", line 1935, in dispatch_request
    return self.view_functions[rule.endpoint](**req.view_args)
  File "D:\project\Sparta_Web_Project\naver_movie\controller\homepage.py", line 8, in homepage
    return render_template('homepage.html')
  File "D:\project\Sparta_Web_Project\venv\lib\site-packages\flask\templating.py", line 140, in render_template
    ctx.app,
  File "D:\project\Sparta_Web_Project\venv\lib\site-packages\flask\templating.py", line 120, in _render
    rv = template.render(context)
  File "D:\project\Sparta_Web_Project\venv\lib\site-packages\jinja2\asyncsupport.py", line 76, in render
    return original_render(self, *args, **kwargs)
  File "D:\project\Sparta_Web_Project\venv\lib\site-packages\jinja2\environment.py", line 1008, in render
    return self.environment.handle_exception(exc_info, True)
  File "D:\project\Sparta_Web_Project\venv\lib\site-packages\jinja2\environment.py", line 780, in handle_exception
    reraise(exc_type, exc_value, tb)
  File "D:\project\Sparta_Web_Project\venv\lib\site-packages\jinja2\_compat.py", line 37, in reraise
    raise value.with_traceback(tb)
  File "D:\project\Sparta_Web_Project\naver_movie\templates\homepage.html", line 77, in top-level template code
    $.getJSON('{{url_for("naver_movie", filename = "resource/movie_score_main_2.json")}}', function(json){
  File "D:\project\Sparta_Web_Project\venv\lib\site-packages\flask\helpers.py", line 370, in url_for
    return appctx.app.handle_url_build_error(error, endpoint, values)
  File "D:\project\Sparta_Web_Project\venv\lib\site-packages\flask\app.py", line 2215, in handle_url_build_error
    reraise(exc_type, exc_value, tb)
  File "D:\project\Sparta_Web_Project\venv\lib\site-packages\flask\_compat.py", line 39, in reraise
    raise value
  File "D:\project\Sparta_Web_Project\venv\lib\site-packages\flask\helpers.py", line 358, in url_for
    endpoint, values, method=method, force_external=external
  File "D:\project\Sparta_Web_Project\venv\lib\site-packages\werkzeug\routing.py", line 2020, in build
    raise BuildError(endpoint, values, method, self)
werkzeug.routing.BuildError: Could not build url for endpoint 'naver_movie' with values ['filename']. Did you mean 'naver_movie.static' instead?
